[0.036s] Invoking command in '/home/testing/dev_ws/src/build/custom_msg': CMAKE_PREFIX_PATH=/opt/ros/humble /usr/bin/cmake /home/testing/dev_ws/src/custom_msg -DCMAKE_INSTALL_PREFIX=/home/testing/dev_ws/src/install/custom_msg
[0.385s] -- The C compiler identification is GNU 11.4.0
[0.644s] -- The CXX compiler identification is GNU 11.4.0
[0.668s] -- Detecting C compiler ABI info
[1.113s] -- Detecting C compiler ABI info - done
[1.127s] -- Check for working C compiler: /usr/bin/cc - skipped
[1.127s] -- Detecting C compile features
[1.127s] -- Detecting C compile features - done
[1.130s] -- Detecting CXX compiler ABI info
[1.538s] -- Detecting CXX compiler ABI info - done
[1.552s] -- Check for working CXX compiler: /usr/bin/c++ - skipped
[1.552s] -- Detecting CXX compile features
[1.552s] -- Detecting CXX compile features - done
[1.562s] -- Found ament_cmake: 1.3.11 (/opt/ros/humble/share/ament_cmake/cmake)
[2.009s] -- Found Python3: /usr/bin/python3 (found version "3.10.12") found components: Interpreter 
[2.146s] -- Found rosidl_default_generators: 1.2.0 (/opt/ros/humble/share/rosidl_default_generators/cmake)
[2.149s] -- Using all available rosidl_typesupport_c: rosidl_typesupport_fastrtps_c;rosidl_typesupport_introspection_c
[2.154s] -- Found rosidl_adapter: 3.1.6 (/opt/ros/humble/share/rosidl_adapter/cmake)
[2.175s] -- Using all available rosidl_typesupport_cpp: rosidl_typesupport_fastrtps_cpp;rosidl_typesupport_introspection_cpp
[2.740s] -- Found ament_cmake_ros: 0.10.0 (/opt/ros/humble/share/ament_cmake_ros/cmake)
[3.224s] -- Using all available rosidl_typesupport_c: rosidl_typesupport_fastrtps_c;rosidl_typesupport_introspection_c
[3.865s] -- Using all available rosidl_typesupport_cpp: rosidl_typesupport_fastrtps_cpp;rosidl_typesupport_introspection_cpp
[3.932s] -- Found PythonInterp: /usr/bin/python3 (found suitable version "3.10.12", minimum required is "3.6") 
[3.933s] -- Found python_cmake_module: 0.10.0 (/opt/ros/humble/share/python_cmake_module/cmake)
[4.001s] -- Found PythonLibs: /usr/lib/x86_64-linux-gnu/libpython3.10.so (found suitable version "3.10.12", minimum required is "3.5") 
[4.002s] -- Using PYTHON_EXECUTABLE: /usr/bin/python3
[4.002s] -- Using PYTHON_INCLUDE_DIRS: /usr/include/python3.10
[4.002s] -- Using PYTHON_LIBRARIES: /usr/lib/x86_64-linux-gnu/libpython3.10.so
[4.066s] -- Found PythonExtra: .so  
[4.149s] -- Found ament_lint_auto: 0.12.11 (/opt/ros/humble/share/ament_lint_auto/cmake)
[4.174s] -- Added test 'copyright' to check source files copyright and LICENSE
[4.180s] -- Added test 'lint_cmake' to check CMake code style
[4.182s] -- Added test 'xmllint' to check XML markup files
[4.194s] -- Configuring done
[4.306s] -- Generating done
[4.343s] -- Build files have been written to: /home/testing/dev_ws/src/build/custom_msg
[4.348s] Invoked command in '/home/testing/dev_ws/src/build/custom_msg' returned '0': CMAKE_PREFIX_PATH=/opt/ros/humble /usr/bin/cmake /home/testing/dev_ws/src/custom_msg -DCMAKE_INSTALL_PREFIX=/home/testing/dev_ws/src/install/custom_msg
[4.351s] Invoking command in '/home/testing/dev_ws/src/build/custom_msg': CMAKE_PREFIX_PATH=/opt/ros/humble /usr/bin/cmake --build /home/testing/dev_ws/src/build/custom_msg -- -j8 -l8
[4.590s] [  3%] [34m[1mGenerating C code for ROS interfaces[0m
[4.671s] [  6%] [34m[1mGenerating C++ code for ROS interfaces[0m
[4.703s] [  6%] Built target ament_cmake_python_copy_custom_msg
[5.050s] running egg_info
[5.052s] creating custom_msg.egg-info
[5.052s] writing custom_msg.egg-info/PKG-INFO
[5.052s] writing dependency_links to custom_msg.egg-info/dependency_links.txt
[5.054s] writing top-level names to custom_msg.egg-info/top_level.txt
[5.054s] writing manifest file 'custom_msg.egg-info/SOURCES.txt'
[5.065s] reading manifest file 'custom_msg.egg-info/SOURCES.txt'
[5.068s] writing manifest file 'custom_msg.egg-info/SOURCES.txt'
[5.081s] [  6%] Built target custom_msg__cpp
[5.083s] [  9%] [32mBuilding C object CMakeFiles/custom_msg__rosidl_generator_c.dir/rosidl_generator_c/custom_msg/msg/detail/int16msg__functions.c.o[0m
[5.130s] [  9%] Built target ament_cmake_python_build_custom_msg_egg
[5.160s] [ 12%] [34m[1mGenerating C++ type support for eProsima Fast-RTPS[0m
[5.164s] [ 16%] [34m[1mGenerating C++ type support dispatch for ROS interfaces[0m
[5.173s] [ 19%] [34m[1mGenerating C++ introspection for ROS interfaces[0m
[5.429s] [ 22%] [32m[1mLinking C shared library libcustom_msg__rosidl_generator_c.so[0m
[5.618s] [ 25%] [32mBuilding CXX object CMakeFiles/custom_msg__rosidl_typesupport_cpp.dir/rosidl_typesupport_cpp/custom_msg/msg/int16msg__type_support.cpp.o[0m
[5.637s] [ 25%] Built target custom_msg__rosidl_generator_c
[5.641s] [ 29%] [32mBuilding CXX object CMakeFiles/custom_msg__rosidl_typesupport_introspection_cpp.dir/rosidl_typesupport_introspection_cpp/custom_msg/msg/detail/int16msg__type_support.cpp.o[0m
[5.667s] [ 32%] [32mBuilding CXX object CMakeFiles/custom_msg__rosidl_typesupport_fastrtps_cpp.dir/rosidl_typesupport_fastrtps_cpp/custom_msg/msg/detail/dds_fastrtps/int16msg__type_support.cpp.o[0m
[5.739s] [ 35%] [34m[1mGenerating C type support for eProsima Fast-RTPS[0m
[5.747s] [ 38%] [34m[1mGenerating C type support dispatch for ROS interfaces[0m
[5.750s] [ 41%] [34m[1mGenerating C introspection for ROS interfaces[0m
[6.287s] [ 45%] [32mBuilding CXX object CMakeFiles/custom_msg__rosidl_typesupport_c.dir/rosidl_typesupport_c/custom_msg/msg/int16msg__type_support.cpp.o[0m
[6.322s] [ 48%] [32mBuilding C object CMakeFiles/custom_msg__rosidl_typesupport_introspection_c.dir/rosidl_typesupport_introspection_c/custom_msg/msg/detail/int16msg__type_support.c.o[0m
[6.400s] [ 51%] [32mBuilding CXX object CMakeFiles/custom_msg__rosidl_typesupport_fastrtps_c.dir/rosidl_typesupport_fastrtps_c/custom_msg/msg/detail/int16msg__type_support_c.cpp.o[0m
[6.429s] [ 54%] [32m[1mLinking CXX shared library libcustom_msg__rosidl_typesupport_cpp.so[0m
[6.607s] [ 58%] [32m[1mLinking CXX shared library libcustom_msg__rosidl_typesupport_introspection_cpp.so[0m
[6.634s] [ 61%] [32m[1mLinking CXX shared library libcustom_msg__rosidl_typesupport_c.so[0m
[6.680s] [ 64%] [32m[1mLinking CXX shared library libcustom_msg__rosidl_typesupport_fastrtps_cpp.so[0m
[6.697s] [ 67%] [32m[1mLinking C shared library libcustom_msg__rosidl_typesupport_introspection_c.so[0m
[6.703s] [ 67%] Built target custom_msg__rosidl_typesupport_cpp
[6.839s] [ 67%] Built target custom_msg__rosidl_typesupport_introspection_cpp
[6.869s] [ 67%] Built target custom_msg__rosidl_typesupport_c
[6.889s] [ 67%] Built target custom_msg__rosidl_typesupport_introspection_c
[6.900s] [ 67%] Built target custom_msg__rosidl_typesupport_fastrtps_cpp
[7.119s] [ 70%] [32m[1mLinking CXX shared library libcustom_msg__rosidl_typesupport_fastrtps_c.so[0m
[7.292s] [ 70%] Built target custom_msg__rosidl_typesupport_fastrtps_c
[7.429s] [ 70%] Built target custom_msg
[7.568s] [ 74%] [34m[1mGenerating Python code for ROS interfaces[0m
[7.920s] [ 74%] Built target custom_msg__py
[8.062s] [ 77%] [32mBuilding C object CMakeFiles/custom_msg__rosidl_generator_py.dir/rosidl_generator_py/custom_msg/msg/_int16msg_s.c.o[0m
[8.373s] [ 80%] [32m[1mLinking C shared library rosidl_generator_py/custom_msg/libcustom_msg__rosidl_generator_py.so[0m
[8.530s] [ 80%] Built target custom_msg__rosidl_generator_py
[8.698s] [ 83%] [32mBuilding C object CMakeFiles/custom_msg__rosidl_typesupport_fastrtps_c__pyext.dir/rosidl_generator_py/custom_msg/_custom_msg_s.ep.rosidl_typesupport_fastrtps_c.c.o[0m
[8.701s] [ 90%] [32mBuilding C object CMakeFiles/custom_msg__rosidl_typesupport_introspection_c__pyext.dir/rosidl_generator_py/custom_msg/_custom_msg_s.ep.rosidl_typesupport_introspection_c.c.o[0m
[8.701s] [ 90%] [32mBuilding C object CMakeFiles/custom_msg__rosidl_typesupport_c__pyext.dir/rosidl_generator_py/custom_msg/_custom_msg_s.ep.rosidl_typesupport_c.c.o[0m
[9.048s] [ 96%] [32m[1mLinking C shared library rosidl_generator_py/custom_msg/custom_msg_s__rosidl_typesupport_introspection_c.cpython-310-x86_64-linux-gnu.so[0m
[9.048s] [ 96%] [32m[1mLinking C shared library rosidl_generator_py/custom_msg/custom_msg_s__rosidl_typesupport_fastrtps_c.cpython-310-x86_64-linux-gnu.so[0m
[9.060s] [100%] [32m[1mLinking C shared library rosidl_generator_py/custom_msg/custom_msg_s__rosidl_typesupport_c.cpython-310-x86_64-linux-gnu.so[0m
[9.230s] [100%] Built target custom_msg__rosidl_typesupport_fastrtps_c__pyext
[9.234s] [100%] Built target custom_msg__rosidl_typesupport_introspection_c__pyext
[9.254s] [100%] Built target custom_msg__rosidl_typesupport_c__pyext
[9.293s] Invoked command in '/home/testing/dev_ws/src/build/custom_msg' returned '0': CMAKE_PREFIX_PATH=/opt/ros/humble /usr/bin/cmake --build /home/testing/dev_ws/src/build/custom_msg -- -j8 -l8
[9.332s] Invoking command in '/home/testing/dev_ws/src/build/custom_msg': CMAKE_PREFIX_PATH=/opt/ros/humble /usr/bin/cmake --install /home/testing/dev_ws/src/build/custom_msg
[9.373s] -- Install configuration: ""
[9.375s] -- Installing: /home/testing/dev_ws/src/install/custom_msg/share/ament_index/resource_index/rosidl_interfaces/custom_msg
[9.377s] -- Installing: /home/testing/dev_ws/src/install/custom_msg/include/custom_msg/custom_msg
[9.378s] -- Installing: /home/testing/dev_ws/src/install/custom_msg/include/custom_msg/custom_msg/msg
[9.379s] -- Installing: /home/testing/dev_ws/src/install/custom_msg/include/custom_msg/custom_msg/msg/rosidl_generator_c__visibility_control.h
[9.380s] -- Installing: /home/testing/dev_ws/src/install/custom_msg/include/custom_msg/custom_msg/msg/int16msg.h
[9.381s] -- Installing: /home/testing/dev_ws/src/install/custom_msg/include/custom_msg/custom_msg/msg/detail
[9.381s] -- Installing: /home/testing/dev_ws/src/install/custom_msg/include/custom_msg/custom_msg/msg/detail/int16msg__struct.h
[9.382s] -- Installing: /home/testing/dev_ws/src/install/custom_msg/include/custom_msg/custom_msg/msg/detail/int16msg__type_support.h
[9.384s] -- Installing: /home/testing/dev_ws/src/install/custom_msg/include/custom_msg/custom_msg/msg/detail/int16msg__functions.c
[9.385s] -- Installing: /home/testing/dev_ws/src/install/custom_msg/include/custom_msg/custom_msg/msg/detail/int16msg__functions.h
[9.386s] -- Installing: /home/testing/dev_ws/src/install/custom_msg/share/custom_msg/environment/library_path.sh
[9.387s] -- Installing: /home/testing/dev_ws/src/install/custom_msg/share/custom_msg/environment/library_path.dsv
[9.389s] -- Installing: /home/testing/dev_ws/src/install/custom_msg/lib/libcustom_msg__rosidl_generator_c.so
[9.392s] -- Set runtime path of "/home/testing/dev_ws/src/install/custom_msg/lib/libcustom_msg__rosidl_generator_c.so" to ""
[9.392s] -- Up-to-date: /home/testing/dev_ws/src/install/custom_msg/include/custom_msg/custom_msg
[9.392s] -- Up-to-date: /home/testing/dev_ws/src/install/custom_msg/include/custom_msg/custom_msg/msg
[9.392s] -- Up-to-date: /home/testing/dev_ws/src/install/custom_msg/include/custom_msg/custom_msg/msg/detail
[9.393s] -- Installing: /home/testing/dev_ws/src/install/custom_msg/include/custom_msg/custom_msg/msg/detail/int16msg__rosidl_typesupport_fastrtps_c.h
[9.394s] -- Installing: /home/testing/dev_ws/src/install/custom_msg/include/custom_msg/custom_msg/msg/rosidl_typesupport_fastrtps_c__visibility_control.h
[9.395s] -- Installing: /home/testing/dev_ws/src/install/custom_msg/lib/libcustom_msg__rosidl_typesupport_fastrtps_c.so
[9.396s] -- Set runtime path of "/home/testing/dev_ws/src/install/custom_msg/lib/libcustom_msg__rosidl_typesupport_fastrtps_c.so" to ""
[9.397s] -- Up-to-date: /home/testing/dev_ws/src/install/custom_msg/include/custom_msg/custom_msg
[9.397s] -- Up-to-date: /home/testing/dev_ws/src/install/custom_msg/include/custom_msg/custom_msg/msg
[9.397s] -- Up-to-date: /home/testing/dev_ws/src/install/custom_msg/include/custom_msg/custom_msg/msg/detail
[9.397s] -- Installing: /home/testing/dev_ws/src/install/custom_msg/include/custom_msg/custom_msg/msg/detail/int16msg__rosidl_typesupport_introspection_c.h
[9.398s] -- Installing: /home/testing/dev_ws/src/install/custom_msg/include/custom_msg/custom_msg/msg/detail/int16msg__type_support.c
[9.400s] -- Installing: /home/testing/dev_ws/src/install/custom_msg/include/custom_msg/custom_msg/msg/rosidl_typesupport_introspection_c__visibility_control.h
[9.401s] -- Installing: /home/testing/dev_ws/src/install/custom_msg/lib/libcustom_msg__rosidl_typesupport_introspection_c.so
[9.402s] -- Set runtime path of "/home/testing/dev_ws/src/install/custom_msg/lib/libcustom_msg__rosidl_typesupport_introspection_c.so" to ""
[9.402s] -- Installing: /home/testing/dev_ws/src/install/custom_msg/lib/libcustom_msg__rosidl_typesupport_c.so
[9.404s] -- Set runtime path of "/home/testing/dev_ws/src/install/custom_msg/lib/libcustom_msg__rosidl_typesupport_c.so" to ""
[9.404s] -- Up-to-date: /home/testing/dev_ws/src/install/custom_msg/include/custom_msg/custom_msg
[9.404s] -- Up-to-date: /home/testing/dev_ws/src/install/custom_msg/include/custom_msg/custom_msg/msg
[9.405s] -- Installing: /home/testing/dev_ws/src/install/custom_msg/include/custom_msg/custom_msg/msg/int16msg.hpp
[9.405s] -- Up-to-date: /home/testing/dev_ws/src/install/custom_msg/include/custom_msg/custom_msg/msg/detail
[9.406s] -- Installing: /home/testing/dev_ws/src/install/custom_msg/include/custom_msg/custom_msg/msg/detail/int16msg__struct.hpp
[9.407s] -- Installing: /home/testing/dev_ws/src/install/custom_msg/include/custom_msg/custom_msg/msg/detail/int16msg__builder.hpp
[9.408s] -- Installing: /home/testing/dev_ws/src/install/custom_msg/include/custom_msg/custom_msg/msg/detail/int16msg__type_support.hpp
[9.409s] -- Installing: /home/testing/dev_ws/src/install/custom_msg/include/custom_msg/custom_msg/msg/detail/int16msg__traits.hpp
[9.410s] -- Installing: /home/testing/dev_ws/src/install/custom_msg/include/custom_msg/custom_msg/msg/rosidl_generator_cpp__visibility_control.hpp
[9.411s] -- Up-to-date: /home/testing/dev_ws/src/install/custom_msg/include/custom_msg/custom_msg
[9.411s] -- Up-to-date: /home/testing/dev_ws/src/install/custom_msg/include/custom_msg/custom_msg/msg
[9.411s] -- Installing: /home/testing/dev_ws/src/install/custom_msg/include/custom_msg/custom_msg/msg/rosidl_typesupport_fastrtps_cpp__visibility_control.h
[9.412s] -- Up-to-date: /home/testing/dev_ws/src/install/custom_msg/include/custom_msg/custom_msg/msg/detail
[9.412s] -- Installing: /home/testing/dev_ws/src/install/custom_msg/include/custom_msg/custom_msg/msg/detail/int16msg__rosidl_typesupport_fastrtps_cpp.hpp
[9.413s] -- Installing: /home/testing/dev_ws/src/install/custom_msg/include/custom_msg/custom_msg/msg/detail/dds_fastrtps
[9.414s] -- Installing: /home/testing/dev_ws/src/install/custom_msg/lib/libcustom_msg__rosidl_typesupport_fastrtps_cpp.so
[9.416s] -- Set runtime path of "/home/testing/dev_ws/src/install/custom_msg/lib/libcustom_msg__rosidl_typesupport_fastrtps_cpp.so" to ""
[9.416s] -- Up-to-date: /home/testing/dev_ws/src/install/custom_msg/include/custom_msg/custom_msg
[9.416s] -- Up-to-date: /home/testing/dev_ws/src/install/custom_msg/include/custom_msg/custom_msg/msg
[9.417s] -- Up-to-date: /home/testing/dev_ws/src/install/custom_msg/include/custom_msg/custom_msg/msg/detail
[9.417s] -- Installing: /home/testing/dev_ws/src/install/custom_msg/include/custom_msg/custom_msg/msg/detail/int16msg__type_support.cpp
[9.418s] -- Installing: /home/testing/dev_ws/src/install/custom_msg/include/custom_msg/custom_msg/msg/detail/int16msg__rosidl_typesupport_introspection_cpp.hpp
[9.419s] -- Installing: /home/testing/dev_ws/src/install/custom_msg/lib/libcustom_msg__rosidl_typesupport_introspection_cpp.so
[9.420s] -- Set runtime path of "/home/testing/dev_ws/src/install/custom_msg/lib/libcustom_msg__rosidl_typesupport_introspection_cpp.so" to ""
[9.421s] -- Installing: /home/testing/dev_ws/src/install/custom_msg/lib/libcustom_msg__rosidl_typesupport_cpp.so
[9.422s] -- Set runtime path of "/home/testing/dev_ws/src/install/custom_msg/lib/libcustom_msg__rosidl_typesupport_cpp.so" to ""
[9.422s] -- Installing: /home/testing/dev_ws/src/install/custom_msg/share/custom_msg/environment/pythonpath.sh
[9.423s] -- Installing: /home/testing/dev_ws/src/install/custom_msg/share/custom_msg/environment/pythonpath.dsv
[9.424s] -- Installing: /home/testing/dev_ws/src/install/custom_msg/local/lib/python3.10/dist-packages/custom_msg-0.0.0-py3.10.egg-info
[9.425s] -- Installing: /home/testing/dev_ws/src/install/custom_msg/local/lib/python3.10/dist-packages/custom_msg-0.0.0-py3.10.egg-info/PKG-INFO
[9.426s] -- Installing: /home/testing/dev_ws/src/install/custom_msg/local/lib/python3.10/dist-packages/custom_msg-0.0.0-py3.10.egg-info/SOURCES.txt
[9.427s] -- Installing: /home/testing/dev_ws/src/install/custom_msg/local/lib/python3.10/dist-packages/custom_msg-0.0.0-py3.10.egg-info/top_level.txt
[9.428s] -- Installing: /home/testing/dev_ws/src/install/custom_msg/local/lib/python3.10/dist-packages/custom_msg-0.0.0-py3.10.egg-info/dependency_links.txt
[9.429s] -- Installing: /home/testing/dev_ws/src/install/custom_msg/local/lib/python3.10/dist-packages/custom_msg
[9.430s] -- Installing: /home/testing/dev_ws/src/install/custom_msg/local/lib/python3.10/dist-packages/custom_msg/msg
[9.430s] -- Installing: /home/testing/dev_ws/src/install/custom_msg/local/lib/python3.10/dist-packages/custom_msg/msg/_int16msg_s.c
[9.431s] -- Installing: /home/testing/dev_ws/src/install/custom_msg/local/lib/python3.10/dist-packages/custom_msg/msg/__init__.py
[9.432s] -- Installing: /home/testing/dev_ws/src/install/custom_msg/local/lib/python3.10/dist-packages/custom_msg/msg/_int16msg.py
[9.433s] -- Installing: /home/testing/dev_ws/src/install/custom_msg/local/lib/python3.10/dist-packages/custom_msg/libcustom_msg__rosidl_generator_py.so
[9.434s] -- Installing: /home/testing/dev_ws/src/install/custom_msg/local/lib/python3.10/dist-packages/custom_msg/custom_msg_s__rosidl_typesupport_fastrtps_c.cpython-310-x86_64-linux-gnu.so
[9.435s] -- Installing: /home/testing/dev_ws/src/install/custom_msg/local/lib/python3.10/dist-packages/custom_msg/__init__.py
[9.436s] -- Installing: /home/testing/dev_ws/src/install/custom_msg/local/lib/python3.10/dist-packages/custom_msg/_custom_msg_s.ep.rosidl_typesupport_c.c
[9.438s] -- Installing: /home/testing/dev_ws/src/install/custom_msg/local/lib/python3.10/dist-packages/custom_msg/custom_msg_s__rosidl_typesupport_c.cpython-310-x86_64-linux-gnu.so
[9.439s] -- Installing: /home/testing/dev_ws/src/install/custom_msg/local/lib/python3.10/dist-packages/custom_msg/_custom_msg_s.ep.rosidl_typesupport_fastrtps_c.c
[9.440s] -- Installing: /home/testing/dev_ws/src/install/custom_msg/local/lib/python3.10/dist-packages/custom_msg/custom_msg_s__rosidl_typesupport_introspection_c.cpython-310-x86_64-linux-gnu.so
[9.441s] -- Installing: /home/testing/dev_ws/src/install/custom_msg/local/lib/python3.10/dist-packages/custom_msg/_custom_msg_s.ep.rosidl_typesupport_introspection_c.c
[9.538s] Listing '/home/testing/dev_ws/src/install/custom_msg/local/lib/python3.10/dist-packages/custom_msg'...
[9.538s] Compiling '/home/testing/dev_ws/src/install/custom_msg/local/lib/python3.10/dist-packages/custom_msg/__init__.py'...
[9.539s] Listing '/home/testing/dev_ws/src/install/custom_msg/local/lib/python3.10/dist-packages/custom_msg/msg'...
[9.539s] Compiling '/home/testing/dev_ws/src/install/custom_msg/local/lib/python3.10/dist-packages/custom_msg/msg/__init__.py'...
[9.539s] Compiling '/home/testing/dev_ws/src/install/custom_msg/local/lib/python3.10/dist-packages/custom_msg/msg/_int16msg.py'...
[9.543s] -- Installing: /home/testing/dev_ws/src/install/custom_msg/local/lib/python3.10/dist-packages/custom_msg/custom_msg_s__rosidl_typesupport_fastrtps_c.cpython-310-x86_64-linux-gnu.so
[9.544s] -- Set runtime path of "/home/testing/dev_ws/src/install/custom_msg/local/lib/python3.10/dist-packages/custom_msg/custom_msg_s__rosidl_typesupport_fastrtps_c.cpython-310-x86_64-linux-gnu.so" to ""
[9.545s] -- Installing: /home/testing/dev_ws/src/install/custom_msg/local/lib/python3.10/dist-packages/custom_msg/custom_msg_s__rosidl_typesupport_introspection_c.cpython-310-x86_64-linux-gnu.so
[9.548s] -- Set runtime path of "/home/testing/dev_ws/src/install/custom_msg/local/lib/python3.10/dist-packages/custom_msg/custom_msg_s__rosidl_typesupport_introspection_c.cpython-310-x86_64-linux-gnu.so" to ""
[9.548s] -- Installing: /home/testing/dev_ws/src/install/custom_msg/local/lib/python3.10/dist-packages/custom_msg/custom_msg_s__rosidl_typesupport_c.cpython-310-x86_64-linux-gnu.so
[9.550s] -- Set runtime path of "/home/testing/dev_ws/src/install/custom_msg/local/lib/python3.10/dist-packages/custom_msg/custom_msg_s__rosidl_typesupport_c.cpython-310-x86_64-linux-gnu.so" to ""
[9.550s] -- Installing: /home/testing/dev_ws/src/install/custom_msg/lib/libcustom_msg__rosidl_generator_py.so
[9.551s] -- Set runtime path of "/home/testing/dev_ws/src/install/custom_msg/lib/libcustom_msg__rosidl_generator_py.so" to ""
[9.552s] -- Installing: /home/testing/dev_ws/src/install/custom_msg/share/custom_msg/msg/Int16msg.idl
[9.553s] -- Installing: /home/testing/dev_ws/src/install/custom_msg/share/custom_msg/msg/Int16msg.msg
[9.554s] -- Installing: /home/testing/dev_ws/src/install/custom_msg/share/ament_index/resource_index/package_run_dependencies/custom_msg
[9.555s] -- Installing: /home/testing/dev_ws/src/install/custom_msg/share/ament_index/resource_index/parent_prefix_path/custom_msg
[9.556s] -- Installing: /home/testing/dev_ws/src/install/custom_msg/share/custom_msg/environment/ament_prefix_path.sh
[9.558s] -- Installing: /home/testing/dev_ws/src/install/custom_msg/share/custom_msg/environment/ament_prefix_path.dsv
[9.558s] -- Installing: /home/testing/dev_ws/src/install/custom_msg/share/custom_msg/environment/path.sh
[9.559s] -- Installing: /home/testing/dev_ws/src/install/custom_msg/share/custom_msg/environment/path.dsv
[9.561s] -- Installing: /home/testing/dev_ws/src/install/custom_msg/share/custom_msg/local_setup.bash
[9.562s] -- Installing: /home/testing/dev_ws/src/install/custom_msg/share/custom_msg/local_setup.sh
[9.563s] -- Installing: /home/testing/dev_ws/src/install/custom_msg/share/custom_msg/local_setup.zsh
[9.564s] -- Installing: /home/testing/dev_ws/src/install/custom_msg/share/custom_msg/local_setup.dsv
[9.565s] -- Installing: /home/testing/dev_ws/src/install/custom_msg/share/custom_msg/package.dsv
[9.566s] -- Installing: /home/testing/dev_ws/src/install/custom_msg/share/ament_index/resource_index/packages/custom_msg
[9.567s] -- Installing: /home/testing/dev_ws/src/install/custom_msg/share/custom_msg/cmake/export_custom_msg__rosidl_generator_cExport.cmake
[9.568s] -- Installing: /home/testing/dev_ws/src/install/custom_msg/share/custom_msg/cmake/export_custom_msg__rosidl_generator_cExport-noconfig.cmake
[9.569s] -- Installing: /home/testing/dev_ws/src/install/custom_msg/share/custom_msg/cmake/export_custom_msg__rosidl_typesupport_fastrtps_cExport.cmake
[9.570s] -- Installing: /home/testing/dev_ws/src/install/custom_msg/share/custom_msg/cmake/export_custom_msg__rosidl_typesupport_fastrtps_cExport-noconfig.cmake
[9.571s] -- Installing: /home/testing/dev_ws/src/install/custom_msg/share/custom_msg/cmake/custom_msg__rosidl_typesupport_introspection_cExport.cmake
[9.572s] -- Installing: /home/testing/dev_ws/src/install/custom_msg/share/custom_msg/cmake/custom_msg__rosidl_typesupport_introspection_cExport-noconfig.cmake
[9.574s] -- Installing: /home/testing/dev_ws/src/install/custom_msg/share/custom_msg/cmake/custom_msg__rosidl_typesupport_cExport.cmake
[9.575s] -- Installing: /home/testing/dev_ws/src/install/custom_msg/share/custom_msg/cmake/custom_msg__rosidl_typesupport_cExport-noconfig.cmake
[9.576s] -- Installing: /home/testing/dev_ws/src/install/custom_msg/share/custom_msg/cmake/export_custom_msg__rosidl_generator_cppExport.cmake
[9.577s] -- Installing: /home/testing/dev_ws/src/install/custom_msg/share/custom_msg/cmake/export_custom_msg__rosidl_typesupport_fastrtps_cppExport.cmake
[9.578s] -- Installing: /home/testing/dev_ws/src/install/custom_msg/share/custom_msg/cmake/export_custom_msg__rosidl_typesupport_fastrtps_cppExport-noconfig.cmake
[9.579s] -- Installing: /home/testing/dev_ws/src/install/custom_msg/share/custom_msg/cmake/custom_msg__rosidl_typesupport_introspection_cppExport.cmake
[9.580s] -- Installing: /home/testing/dev_ws/src/install/custom_msg/share/custom_msg/cmake/custom_msg__rosidl_typesupport_introspection_cppExport-noconfig.cmake
[9.581s] -- Installing: /home/testing/dev_ws/src/install/custom_msg/share/custom_msg/cmake/custom_msg__rosidl_typesupport_cppExport.cmake
[9.582s] -- Installing: /home/testing/dev_ws/src/install/custom_msg/share/custom_msg/cmake/custom_msg__rosidl_typesupport_cppExport-noconfig.cmake
[9.583s] -- Installing: /home/testing/dev_ws/src/install/custom_msg/share/custom_msg/cmake/export_custom_msg__rosidl_generator_pyExport.cmake
[9.584s] -- Installing: /home/testing/dev_ws/src/install/custom_msg/share/custom_msg/cmake/export_custom_msg__rosidl_generator_pyExport-noconfig.cmake
[9.585s] -- Installing: /home/testing/dev_ws/src/install/custom_msg/share/custom_msg/cmake/rosidl_cmake-extras.cmake
[9.586s] -- Installing: /home/testing/dev_ws/src/install/custom_msg/share/custom_msg/cmake/ament_cmake_export_include_directories-extras.cmake
[9.587s] -- Installing: /home/testing/dev_ws/src/install/custom_msg/share/custom_msg/cmake/ament_cmake_export_libraries-extras.cmake
[9.588s] -- Installing: /home/testing/dev_ws/src/install/custom_msg/share/custom_msg/cmake/ament_cmake_export_targets-extras.cmake
[9.589s] -- Installing: /home/testing/dev_ws/src/install/custom_msg/share/custom_msg/cmake/rosidl_cmake_export_typesupport_targets-extras.cmake
[9.590s] -- Installing: /home/testing/dev_ws/src/install/custom_msg/share/custom_msg/cmake/ament_cmake_export_dependencies-extras.cmake
[9.591s] -- Installing: /home/testing/dev_ws/src/install/custom_msg/share/custom_msg/cmake/rosidl_cmake_export_typesupport_libraries-extras.cmake
[9.592s] -- Installing: /home/testing/dev_ws/src/install/custom_msg/share/custom_msg/cmake/custom_msgConfig.cmake
[9.593s] -- Installing: /home/testing/dev_ws/src/install/custom_msg/share/custom_msg/cmake/custom_msgConfig-version.cmake
[9.594s] -- Installing: /home/testing/dev_ws/src/install/custom_msg/share/custom_msg/package.xml
[9.604s] Invoked command in '/home/testing/dev_ws/src/build/custom_msg' returned '0': CMAKE_PREFIX_PATH=/opt/ros/humble /usr/bin/cmake --install /home/testing/dev_ws/src/build/custom_msg
