[0.072s] DEBUG:colcon:Command line arguments: ['/usr/bin/colcon', 'build']
[0.073s] DEBUG:colcon:Parsed command line arguments: Namespace(log_base=None, log_level=None, verb_name='build', build_base='build', install_base='install', merge_install=False, symlink_install=False, test_result_base=None, continue_on_error=False, executor='parallel', parallel_workers=8, event_handlers=None, ignore_user_meta=False, metas=['./colcon.meta'], base_paths=['.'], packages_ignore=None, packages_ignore_regex=None, paths=None, packages_up_to=None, packages_up_to_regex=None, packages_above=None, packages_above_and_dependencies=None, packages_above_depth=None, packages_select_by_dep=None, packages_skip_by_dep=None, packages_skip_up_to=None, packages_select_build_failed=False, packages_skip_build_finished=False, packages_select_test_failures=False, packages_skip_test_passed=False, packages_select=None, packages_skip=None, packages_select_regex=None, packages_skip_regex=None, packages_start=None, packages_end=None, cmake_args=None, cmake_target=None, cmake_target_skip_unavailable=False, cmake_clean_cache=False, cmake_clean_first=False, cmake_force_configure=False, ament_cmake_args=None, catkin_cmake_args=None, catkin_skip_building_tests=False, mixin_files=None, mixin=None, verb_parser=<colcon_mixin.mixin.mixin_argument.MixinArgumentDecorator object at 0xffff7f8f56c0>, verb_extension=<colcon_core.verb.build.BuildVerb object at 0xffff7f8f50f0>, main=<bound method BuildVerb.main of <colcon_core.verb.build.BuildVerb object at 0xffff7f8f50f0>>, mixin_verb=('build',))
[0.142s] Level 1:colcon.colcon_core.package_discovery:discover_packages(colcon_meta) check parameters
[0.142s] INFO:colcon.colcon_metadata.package_discovery.colcon_meta:Using configuration from '/root/.colcon/metadata/default/Gazebo.meta'
[0.143s] INFO:colcon.colcon_metadata.package_discovery.colcon_meta:Using configuration from '/root/.colcon/metadata/default/fastrtps.meta'
[0.143s] Level 1:colcon.colcon_core.package_discovery:discover_packages(recursive) check parameters
[0.143s] Level 1:colcon.colcon_core.package_discovery:discover_packages(ignore) check parameters
[0.143s] Level 1:colcon.colcon_core.package_discovery:discover_packages(path) check parameters
[0.143s] Level 1:colcon.colcon_core.package_discovery:discover_packages(colcon_meta) discover
[0.143s] Level 1:colcon.colcon_core.package_discovery:discover_packages(recursive) discover
[0.143s] INFO:colcon.colcon_core.package_discovery:Crawling recursively for packages in '/home/testing/dev_ws/src'
[0.144s] Level 1:colcon.colcon_core.package_identification:_identify(.) by extensions ['ignore', 'ignore_ament_install']
[0.144s] Level 1:colcon.colcon_core.package_identification:_identify(.) by extension 'ignore'
[0.144s] Level 1:colcon.colcon_core.package_identification:_identify(.) by extension 'ignore_ament_install'
[0.144s] Level 1:colcon.colcon_core.package_identification:_identify(.) by extensions ['colcon_pkg']
[0.144s] Level 1:colcon.colcon_core.package_identification:_identify(.) by extension 'colcon_pkg'
[0.144s] Level 1:colcon.colcon_core.package_identification:_identify(.) by extensions ['colcon_meta']
[0.144s] Level 1:colcon.colcon_core.package_identification:_identify(.) by extension 'colcon_meta'
[0.145s] Level 1:colcon.colcon_core.package_identification:_identify(.) by extensions ['ros']
[0.145s] Level 1:colcon.colcon_core.package_identification:_identify(.) by extension 'ros'
[0.153s] Level 1:colcon.colcon_core.package_identification:_identify(.) by extensions ['cmake', 'python']
[0.153s] Level 1:colcon.colcon_core.package_identification:_identify(.) by extension 'cmake'
[0.153s] Level 1:colcon.colcon_core.package_identification:_identify(.) by extension 'python'
[0.153s] Level 1:colcon.colcon_core.package_identification:_identify(.) by extensions ['python_setup_py']
[0.153s] Level 1:colcon.colcon_core.package_identification:_identify(.) by extension 'python_setup_py'
[0.153s] Level 1:colcon.colcon_core.package_identification:_identify(build) by extensions ['ignore', 'ignore_ament_install']
[0.153s] Level 1:colcon.colcon_core.package_identification:_identify(build) by extension 'ignore'
[0.154s] Level 1:colcon.colcon_core.package_identification:_identify(build) ignored
[0.154s] Level 1:colcon.colcon_core.package_identification:_identify(docker_humble_holohover) by extensions ['ignore', 'ignore_ament_install']
[0.154s] Level 1:colcon.colcon_core.package_identification:_identify(docker_humble_holohover) by extension 'ignore'
[0.154s] Level 1:colcon.colcon_core.package_identification:_identify(docker_humble_holohover) by extension 'ignore_ament_install'
[0.154s] Level 1:colcon.colcon_core.package_identification:_identify(docker_humble_holohover) by extensions ['colcon_pkg']
[0.154s] Level 1:colcon.colcon_core.package_identification:_identify(docker_humble_holohover) by extension 'colcon_pkg'
[0.155s] Level 1:colcon.colcon_core.package_identification:_identify(docker_humble_holohover) by extensions ['colcon_meta']
[0.155s] Level 1:colcon.colcon_core.package_identification:_identify(docker_humble_holohover) by extension 'colcon_meta'
[0.155s] Level 1:colcon.colcon_core.package_identification:_identify(docker_humble_holohover) by extensions ['ros']
[0.155s] Level 1:colcon.colcon_core.package_identification:_identify(docker_humble_holohover) by extension 'ros'
[0.155s] Level 1:colcon.colcon_core.package_identification:_identify(docker_humble_holohover) by extensions ['cmake', 'python']
[0.155s] Level 1:colcon.colcon_core.package_identification:_identify(docker_humble_holohover) by extension 'cmake'
[0.155s] Level 1:colcon.colcon_core.package_identification:_identify(docker_humble_holohover) by extension 'python'
[0.155s] Level 1:colcon.colcon_core.package_identification:_identify(docker_humble_holohover) by extensions ['python_setup_py']
[0.155s] Level 1:colcon.colcon_core.package_identification:_identify(docker_humble_holohover) by extension 'python_setup_py'
[0.156s] Level 1:colcon.colcon_core.package_identification:_identify(install) by extensions ['ignore', 'ignore_ament_install']
[0.156s] Level 1:colcon.colcon_core.package_identification:_identify(install) by extension 'ignore'
[0.156s] Level 1:colcon.colcon_core.package_identification:_identify(install) ignored
[0.156s] Level 1:colcon.colcon_core.package_identification:_identify(latency_test_listener) by extensions ['ignore', 'ignore_ament_install']
[0.156s] Level 1:colcon.colcon_core.package_identification:_identify(latency_test_listener) by extension 'ignore'
[0.157s] Level 1:colcon.colcon_core.package_identification:_identify(latency_test_listener) by extension 'ignore_ament_install'
[0.157s] Level 1:colcon.colcon_core.package_identification:_identify(latency_test_listener) by extensions ['colcon_pkg']
[0.157s] Level 1:colcon.colcon_core.package_identification:_identify(latency_test_listener) by extension 'colcon_pkg'
[0.157s] Level 1:colcon.colcon_core.package_identification:_identify(latency_test_listener) by extensions ['colcon_meta']
[0.157s] Level 1:colcon.colcon_core.package_identification:_identify(latency_test_listener) by extension 'colcon_meta'
[0.157s] Level 1:colcon.colcon_core.package_identification:_identify(latency_test_listener) by extensions ['ros']
[0.157s] Level 1:colcon.colcon_core.package_identification:_identify(latency_test_listener) by extension 'ros'
[0.159s] DEBUG:colcon.colcon_core.package_identification:Package 'latency_test_listener' with type 'ros.ament_cmake' and name 'latency_test_listener'
[0.159s] Level 1:colcon.colcon_core.package_identification:_identify(latency_test_talker) by extensions ['ignore', 'ignore_ament_install']
[0.159s] Level 1:colcon.colcon_core.package_identification:_identify(latency_test_talker) by extension 'ignore'
[0.160s] Level 1:colcon.colcon_core.package_identification:_identify(latency_test_talker) by extension 'ignore_ament_install'
[0.160s] Level 1:colcon.colcon_core.package_identification:_identify(latency_test_talker) by extensions ['colcon_pkg']
[0.160s] Level 1:colcon.colcon_core.package_identification:_identify(latency_test_talker) by extension 'colcon_pkg'
[0.160s] Level 1:colcon.colcon_core.package_identification:_identify(latency_test_talker) by extensions ['colcon_meta']
[0.160s] Level 1:colcon.colcon_core.package_identification:_identify(latency_test_talker) by extension 'colcon_meta'
[0.160s] Level 1:colcon.colcon_core.package_identification:_identify(latency_test_talker) by extensions ['ros']
[0.160s] Level 1:colcon.colcon_core.package_identification:_identify(latency_test_talker) by extension 'ros'
[0.161s] DEBUG:colcon.colcon_core.package_identification:Package 'latency_test_talker' with type 'ros.ament_cmake' and name 'latency_test_talker'
[0.162s] Level 1:colcon.colcon_core.package_identification:_identify(log) by extensions ['ignore', 'ignore_ament_install']
[0.162s] Level 1:colcon.colcon_core.package_identification:_identify(log) by extension 'ignore'
[0.162s] Level 1:colcon.colcon_core.package_identification:_identify(log) ignored
[0.162s] Level 1:colcon.colcon_core.package_discovery:discover_packages(recursive) using defaults
[0.162s] Level 1:colcon.colcon_core.package_discovery:discover_packages(ignore) discover
[0.162s] Level 1:colcon.colcon_core.package_discovery:discover_packages(ignore) using defaults
[0.162s] Level 1:colcon.colcon_core.package_discovery:discover_packages(path) discover
[0.162s] Level 1:colcon.colcon_core.package_discovery:discover_packages(path) using defaults
[0.176s] Level 5:colcon.colcon_core.verb:set package 'latency_test_listener' build argument 'cmake_args' from command line to 'None'
[0.176s] Level 5:colcon.colcon_core.verb:set package 'latency_test_listener' build argument 'cmake_target' from command line to 'None'
[0.177s] Level 5:colcon.colcon_core.verb:set package 'latency_test_listener' build argument 'cmake_target_skip_unavailable' from command line to 'False'
[0.177s] Level 5:colcon.colcon_core.verb:set package 'latency_test_listener' build argument 'cmake_clean_cache' from command line to 'False'
[0.177s] Level 5:colcon.colcon_core.verb:set package 'latency_test_listener' build argument 'cmake_clean_first' from command line to 'False'
[0.177s] Level 5:colcon.colcon_core.verb:set package 'latency_test_listener' build argument 'cmake_force_configure' from command line to 'False'
[0.177s] Level 5:colcon.colcon_core.verb:set package 'latency_test_listener' build argument 'ament_cmake_args' from command line to 'None'
[0.177s] Level 5:colcon.colcon_core.verb:set package 'latency_test_listener' build argument 'catkin_cmake_args' from command line to 'None'
[0.177s] Level 5:colcon.colcon_core.verb:set package 'latency_test_listener' build argument 'catkin_skip_building_tests' from command line to 'False'
[0.177s] DEBUG:colcon.colcon_core.verb:Building package 'latency_test_listener' with the following arguments: {'ament_cmake_args': None, 'build_base': '/home/testing/dev_ws/src/build/latency_test_listener', 'catkin_cmake_args': None, 'catkin_skip_building_tests': False, 'cmake_args': None, 'cmake_clean_cache': False, 'cmake_clean_first': False, 'cmake_force_configure': False, 'cmake_target': None, 'cmake_target_skip_unavailable': False, 'install_base': '/home/testing/dev_ws/src/install/latency_test_listener', 'merge_install': False, 'path': '/home/testing/dev_ws/src/latency_test_listener', 'symlink_install': False, 'test_result_base': None}
[0.177s] Level 5:colcon.colcon_core.verb:set package 'latency_test_talker' build argument 'cmake_args' from command line to 'None'
[0.177s] Level 5:colcon.colcon_core.verb:set package 'latency_test_talker' build argument 'cmake_target' from command line to 'None'
[0.177s] Level 5:colcon.colcon_core.verb:set package 'latency_test_talker' build argument 'cmake_target_skip_unavailable' from command line to 'False'
[0.177s] Level 5:colcon.colcon_core.verb:set package 'latency_test_talker' build argument 'cmake_clean_cache' from command line to 'False'
[0.178s] Level 5:colcon.colcon_core.verb:set package 'latency_test_talker' build argument 'cmake_clean_first' from command line to 'False'
[0.178s] Level 5:colcon.colcon_core.verb:set package 'latency_test_talker' build argument 'cmake_force_configure' from command line to 'False'
[0.178s] Level 5:colcon.colcon_core.verb:set package 'latency_test_talker' build argument 'ament_cmake_args' from command line to 'None'
[0.178s] Level 5:colcon.colcon_core.verb:set package 'latency_test_talker' build argument 'catkin_cmake_args' from command line to 'None'
[0.178s] Level 5:colcon.colcon_core.verb:set package 'latency_test_talker' build argument 'catkin_skip_building_tests' from command line to 'False'
[0.178s] DEBUG:colcon.colcon_core.verb:Building package 'latency_test_talker' with the following arguments: {'ament_cmake_args': None, 'build_base': '/home/testing/dev_ws/src/build/latency_test_talker', 'catkin_cmake_args': None, 'catkin_skip_building_tests': False, 'cmake_args': None, 'cmake_clean_cache': False, 'cmake_clean_first': False, 'cmake_force_configure': False, 'cmake_target': None, 'cmake_target_skip_unavailable': False, 'install_base': '/home/testing/dev_ws/src/install/latency_test_talker', 'merge_install': False, 'path': '/home/testing/dev_ws/src/latency_test_talker', 'symlink_install': False, 'test_result_base': None}
[0.178s] INFO:colcon.colcon_core.executor:Executing jobs using 'parallel' executor
[0.179s] DEBUG:colcon.colcon_parallel_executor.executor.parallel:run_until_complete
[0.179s] INFO:colcon.colcon_ros.task.ament_cmake.build:Building ROS package in '/home/testing/dev_ws/src/latency_test_listener' with build type 'ament_cmake'
[0.179s] INFO:colcon.colcon_cmake.task.cmake.build:Building CMake package in '/home/testing/dev_ws/src/latency_test_listener'
[0.180s] INFO:colcon.colcon_core.plugin_system:Skipping extension 'colcon_core.shell.bat': Not used on non-Windows systems
[0.181s] INFO:colcon.colcon_core.shell:Skip shell extension 'powershell' for command environment: Not usable outside of PowerShell
[0.181s] DEBUG:colcon.colcon_core.shell:Skip shell extension 'dsv' for command environment
[0.181s] WARNING:colcon.colcon_core.prefix_path.colcon:The path '/home/testing/dev_ws/install' in the environment variable COLCON_PREFIX_PATH doesn't exist
[0.182s] WARNING:colcon.colcon_ros.prefix_path.ament:The path '/home/testing/dev_ws/install/latency_test' in the environment variable AMENT_PREFIX_PATH doesn't exist
[0.182s] WARNING:colcon.colcon_ros.prefix_path.catkin:The path '/home/testing/dev_ws/install/latency_test' in the environment variable CMAKE_PREFIX_PATH doesn't exist
[0.186s] INFO:colcon.colcon_ros.task.ament_cmake.build:Building ROS package in '/home/testing/dev_ws/src/latency_test_talker' with build type 'ament_cmake'
[0.187s] INFO:colcon.colcon_cmake.task.cmake.build:Building CMake package in '/home/testing/dev_ws/src/latency_test_talker'
[0.187s] INFO:colcon.colcon_core.shell:Skip shell extension 'powershell' for command environment: Not usable outside of PowerShell
[0.187s] DEBUG:colcon.colcon_core.shell:Skip shell extension 'dsv' for command environment
[0.197s] DEBUG:colcon.colcon_core.event_handler.log_command:Invoking command in '/home/testing/dev_ws/src/build/latency_test_listener': CMAKE_PREFIX_PATH=${CMAKE_PREFIX_PATH}:/opt/ros/humble /usr/bin/cmake --build /home/testing/dev_ws/src/build/latency_test_listener -- -j8 -l8
[0.202s] DEBUG:colcon.colcon_core.event_handler.log_command:Invoking command in '/home/testing/dev_ws/src/build/latency_test_talker': CMAKE_PREFIX_PATH=${CMAKE_PREFIX_PATH}:/opt/ros/humble /usr/bin/cmake --build /home/testing/dev_ws/src/build/latency_test_talker -- -j8 -l8
[0.354s] DEBUG:colcon.colcon_core.event_handler.log_command:Invoked command in '/home/testing/dev_ws/src/build/latency_test_talker' returned '0': CMAKE_PREFIX_PATH=${CMAKE_PREFIX_PATH}:/opt/ros/humble /usr/bin/cmake --build /home/testing/dev_ws/src/build/latency_test_talker -- -j8 -l8
[0.362s] DEBUG:colcon.colcon_core.event_handler.log_command:Invoking command in '/home/testing/dev_ws/src/build/latency_test_talker': CMAKE_PREFIX_PATH=${CMAKE_PREFIX_PATH}:/opt/ros/humble /usr/bin/cmake --install /home/testing/dev_ws/src/build/latency_test_talker
[0.419s] Level 1:colcon.colcon_core.environment:create_environment_scripts_only(latency_test_talker)
[0.420s] Level 1:colcon.colcon_core.environment:checking '/home/testing/dev_ws/src/install/latency_test_talker' for CMake module files
[0.420s] DEBUG:colcon.colcon_core.event_handler.log_command:Invoked command in '/home/testing/dev_ws/src/build/latency_test_talker' returned '0': CMAKE_PREFIX_PATH=${CMAKE_PREFIX_PATH}:/opt/ros/humble /usr/bin/cmake --install /home/testing/dev_ws/src/build/latency_test_talker
[0.422s] Level 1:colcon.colcon_core.environment:checking '/home/testing/dev_ws/src/install/latency_test_talker' for CMake config files
[0.423s] Level 1:colcon.colcon_core.shell:create_environment_hook('latency_test_talker', 'cmake_prefix_path')
[0.424s] INFO:colcon.colcon_core.shell:Creating environment hook '/home/testing/dev_ws/src/install/latency_test_talker/share/latency_test_talker/hook/cmake_prefix_path.ps1'
[0.425s] INFO:colcon.colcon_core.shell:Creating environment descriptor '/home/testing/dev_ws/src/install/latency_test_talker/share/latency_test_talker/hook/cmake_prefix_path.dsv'
[0.426s] INFO:colcon.colcon_core.shell:Creating environment hook '/home/testing/dev_ws/src/install/latency_test_talker/share/latency_test_talker/hook/cmake_prefix_path.sh'
[0.428s] Level 1:colcon.colcon_core.environment:checking '/home/testing/dev_ws/src/install/latency_test_talker/lib'
[0.428s] Level 1:colcon.colcon_core.environment:checking '/home/testing/dev_ws/src/install/latency_test_talker/bin'
[0.428s] Level 1:colcon.colcon_core.environment:checking '/home/testing/dev_ws/src/install/latency_test_talker/lib/pkgconfig/latency_test_talker.pc'
[0.429s] Level 1:colcon.colcon_core.environment:checking '/home/testing/dev_ws/src/install/latency_test_talker/lib/python3.10/site-packages'
[0.429s] Level 1:colcon.colcon_core.environment:checking '/home/testing/dev_ws/src/install/latency_test_talker/bin'
[0.430s] INFO:colcon.colcon_core.shell:Creating package script '/home/testing/dev_ws/src/install/latency_test_talker/share/latency_test_talker/package.ps1'
[0.431s] INFO:colcon.colcon_core.shell:Creating package descriptor '/home/testing/dev_ws/src/install/latency_test_talker/share/latency_test_talker/package.dsv'
[0.431s] INFO:colcon.colcon_core.shell:Creating package script '/home/testing/dev_ws/src/install/latency_test_talker/share/latency_test_talker/package.sh'
[0.432s] INFO:colcon.colcon_core.shell:Creating package script '/home/testing/dev_ws/src/install/latency_test_talker/share/latency_test_talker/package.bash'
[0.433s] INFO:colcon.colcon_core.shell:Creating package script '/home/testing/dev_ws/src/install/latency_test_talker/share/latency_test_talker/package.zsh'
[0.434s] Level 1:colcon.colcon_core.environment:create_file_with_runtime_dependencies(/home/testing/dev_ws/src/install/latency_test_talker/share/colcon-core/packages/latency_test_talker)
[0.436s] Level 1:colcon.colcon_core.environment:create_environment_scripts_only(latency_test_talker)
[0.436s] Level 1:colcon.colcon_core.environment:checking '/home/testing/dev_ws/src/install/latency_test_talker' for CMake module files
[0.438s] Level 1:colcon.colcon_core.environment:checking '/home/testing/dev_ws/src/install/latency_test_talker' for CMake config files
[0.439s] Level 1:colcon.colcon_core.shell:create_environment_hook('latency_test_talker', 'cmake_prefix_path')
[0.439s] INFO:colcon.colcon_core.shell:Creating environment hook '/home/testing/dev_ws/src/install/latency_test_talker/share/latency_test_talker/hook/cmake_prefix_path.ps1'
[0.440s] INFO:colcon.colcon_core.shell:Creating environment descriptor '/home/testing/dev_ws/src/install/latency_test_talker/share/latency_test_talker/hook/cmake_prefix_path.dsv'
[0.440s] INFO:colcon.colcon_core.shell:Creating environment hook '/home/testing/dev_ws/src/install/latency_test_talker/share/latency_test_talker/hook/cmake_prefix_path.sh'
[0.441s] Level 1:colcon.colcon_core.environment:checking '/home/testing/dev_ws/src/install/latency_test_talker/lib'
[0.441s] Level 1:colcon.colcon_core.environment:checking '/home/testing/dev_ws/src/install/latency_test_talker/bin'
[0.441s] Level 1:colcon.colcon_core.environment:checking '/home/testing/dev_ws/src/install/latency_test_talker/lib/pkgconfig/latency_test_talker.pc'
[0.442s] Level 1:colcon.colcon_core.environment:checking '/home/testing/dev_ws/src/install/latency_test_talker/lib/python3.10/site-packages'
[0.442s] Level 1:colcon.colcon_core.environment:checking '/home/testing/dev_ws/src/install/latency_test_talker/bin'
[0.442s] INFO:colcon.colcon_core.shell:Creating package script '/home/testing/dev_ws/src/install/latency_test_talker/share/latency_test_talker/package.ps1'
[0.443s] INFO:colcon.colcon_core.shell:Creating package descriptor '/home/testing/dev_ws/src/install/latency_test_talker/share/latency_test_talker/package.dsv'
[0.443s] INFO:colcon.colcon_core.shell:Creating package script '/home/testing/dev_ws/src/install/latency_test_talker/share/latency_test_talker/package.sh'
[0.444s] INFO:colcon.colcon_core.shell:Creating package script '/home/testing/dev_ws/src/install/latency_test_talker/share/latency_test_talker/package.bash'
[0.444s] INFO:colcon.colcon_core.shell:Creating package script '/home/testing/dev_ws/src/install/latency_test_talker/share/latency_test_talker/package.zsh'
[0.445s] Level 1:colcon.colcon_core.environment:create_file_with_runtime_dependencies(/home/testing/dev_ws/src/install/latency_test_talker/share/colcon-core/packages/latency_test_talker)
[0.718s] DEBUG:colcon.colcon_core.event_handler.log_command:Invoked command in '/home/testing/dev_ws/src/build/latency_test_listener' returned '0': CMAKE_PREFIX_PATH=${CMAKE_PREFIX_PATH}:/opt/ros/humble /usr/bin/cmake --build /home/testing/dev_ws/src/build/latency_test_listener -- -j8 -l8
[0.721s] DEBUG:colcon.colcon_core.event_handler.log_command:Invoking command in '/home/testing/dev_ws/src/build/latency_test_listener': CMAKE_PREFIX_PATH=${CMAKE_PREFIX_PATH}:/opt/ros/humble /usr/bin/cmake --install /home/testing/dev_ws/src/build/latency_test_listener
[0.768s] Level 1:colcon.colcon_core.environment:create_environment_scripts_only(latency_test_listener)
[0.768s] Level 1:colcon.colcon_core.environment:checking '/home/testing/dev_ws/src/install/latency_test_listener' for CMake module files
[0.769s] DEBUG:colcon.colcon_core.event_handler.log_command:Invoked command in '/home/testing/dev_ws/src/build/latency_test_listener' returned '0': CMAKE_PREFIX_PATH=${CMAKE_PREFIX_PATH}:/opt/ros/humble /usr/bin/cmake --install /home/testing/dev_ws/src/build/latency_test_listener
[0.771s] Level 1:colcon.colcon_core.environment:checking '/home/testing/dev_ws/src/install/latency_test_listener' for CMake config files
[0.773s] Level 1:colcon.colcon_core.shell:create_environment_hook('latency_test_listener', 'cmake_prefix_path')
[0.774s] INFO:colcon.colcon_core.shell:Creating environment hook '/home/testing/dev_ws/src/install/latency_test_listener/share/latency_test_listener/hook/cmake_prefix_path.ps1'
[0.775s] INFO:colcon.colcon_core.shell:Creating environment descriptor '/home/testing/dev_ws/src/install/latency_test_listener/share/latency_test_listener/hook/cmake_prefix_path.dsv'
[0.775s] INFO:colcon.colcon_core.shell:Creating environment hook '/home/testing/dev_ws/src/install/latency_test_listener/share/latency_test_listener/hook/cmake_prefix_path.sh'
[0.776s] Level 1:colcon.colcon_core.environment:checking '/home/testing/dev_ws/src/install/latency_test_listener/lib'
[0.776s] Level 1:colcon.colcon_core.environment:checking '/home/testing/dev_ws/src/install/latency_test_listener/bin'
[0.777s] Level 1:colcon.colcon_core.environment:checking '/home/testing/dev_ws/src/install/latency_test_listener/lib/pkgconfig/latency_test_listener.pc'
[0.777s] Level 1:colcon.colcon_core.environment:checking '/home/testing/dev_ws/src/install/latency_test_listener/lib/python3.10/site-packages'
[0.777s] Level 1:colcon.colcon_core.environment:checking '/home/testing/dev_ws/src/install/latency_test_listener/bin'
[0.777s] INFO:colcon.colcon_core.shell:Creating package script '/home/testing/dev_ws/src/install/latency_test_listener/share/latency_test_listener/package.ps1'
[0.778s] INFO:colcon.colcon_core.shell:Creating package descriptor '/home/testing/dev_ws/src/install/latency_test_listener/share/latency_test_listener/package.dsv'
[0.778s] INFO:colcon.colcon_core.shell:Creating package script '/home/testing/dev_ws/src/install/latency_test_listener/share/latency_test_listener/package.sh'
[0.779s] INFO:colcon.colcon_core.shell:Creating package script '/home/testing/dev_ws/src/install/latency_test_listener/share/latency_test_listener/package.bash'
[0.779s] INFO:colcon.colcon_core.shell:Creating package script '/home/testing/dev_ws/src/install/latency_test_listener/share/latency_test_listener/package.zsh'
[0.780s] Level 1:colcon.colcon_core.environment:create_file_with_runtime_dependencies(/home/testing/dev_ws/src/install/latency_test_listener/share/colcon-core/packages/latency_test_listener)
[0.781s] Level 1:colcon.colcon_core.environment:create_environment_scripts_only(latency_test_listener)
[0.781s] Level 1:colcon.colcon_core.environment:checking '/home/testing/dev_ws/src/install/latency_test_listener' for CMake module files
[0.783s] Level 1:colcon.colcon_core.environment:checking '/home/testing/dev_ws/src/install/latency_test_listener' for CMake config files
[0.786s] Level 1:colcon.colcon_core.shell:create_environment_hook('latency_test_listener', 'cmake_prefix_path')
[0.786s] INFO:colcon.colcon_core.shell:Creating environment hook '/home/testing/dev_ws/src/install/latency_test_listener/share/latency_test_listener/hook/cmake_prefix_path.ps1'
[0.787s] INFO:colcon.colcon_core.shell:Creating environment descriptor '/home/testing/dev_ws/src/install/latency_test_listener/share/latency_test_listener/hook/cmake_prefix_path.dsv'
[0.787s] INFO:colcon.colcon_core.shell:Creating environment hook '/home/testing/dev_ws/src/install/latency_test_listener/share/latency_test_listener/hook/cmake_prefix_path.sh'
[0.788s] Level 1:colcon.colcon_core.environment:checking '/home/testing/dev_ws/src/install/latency_test_listener/lib'
[0.788s] Level 1:colcon.colcon_core.environment:checking '/home/testing/dev_ws/src/install/latency_test_listener/bin'
[0.788s] Level 1:colcon.colcon_core.environment:checking '/home/testing/dev_ws/src/install/latency_test_listener/lib/pkgconfig/latency_test_listener.pc'
[0.788s] Level 1:colcon.colcon_core.environment:checking '/home/testing/dev_ws/src/install/latency_test_listener/lib/python3.10/site-packages'
[0.789s] Level 1:colcon.colcon_core.environment:checking '/home/testing/dev_ws/src/install/latency_test_listener/bin'
[0.789s] INFO:colcon.colcon_core.shell:Creating package script '/home/testing/dev_ws/src/install/latency_test_listener/share/latency_test_listener/package.ps1'
[0.789s] INFO:colcon.colcon_core.shell:Creating package descriptor '/home/testing/dev_ws/src/install/latency_test_listener/share/latency_test_listener/package.dsv'
[0.790s] INFO:colcon.colcon_core.shell:Creating package script '/home/testing/dev_ws/src/install/latency_test_listener/share/latency_test_listener/package.sh'
[0.790s] INFO:colcon.colcon_core.shell:Creating package script '/home/testing/dev_ws/src/install/latency_test_listener/share/latency_test_listener/package.bash'
[0.791s] INFO:colcon.colcon_core.shell:Creating package script '/home/testing/dev_ws/src/install/latency_test_listener/share/latency_test_listener/package.zsh'
[0.791s] Level 1:colcon.colcon_core.environment:create_file_with_runtime_dependencies(/home/testing/dev_ws/src/install/latency_test_listener/share/colcon-core/packages/latency_test_listener)
[0.792s] DEBUG:colcon.colcon_parallel_executor.executor.parallel:closing loop
[0.792s] DEBUG:colcon.colcon_parallel_executor.executor.parallel:loop closed
[0.792s] DEBUG:colcon.colcon_parallel_executor.executor.parallel:run_until_complete finished with '0'
[0.792s] DEBUG:colcon.colcon_core.event_reactor:joining thread
[0.797s] INFO:colcon.colcon_core.plugin_system:Skipping extension 'colcon_notification.desktop_notification.notify_send': Could not find 'notify-send'
[0.797s] INFO:colcon.colcon_core.plugin_system:Skipping extension 'colcon_notification.desktop_notification.terminal_notifier': Not used on non-Darwin systems
[0.797s] INFO:colcon.colcon_core.plugin_system:Skipping extension 'colcon_notification.desktop_notification.win32': Not used on non-Windows systems
[0.797s] INFO:colcon.colcon_notification.desktop_notification:Sending desktop notification using 'notify2'
[0.798s] DEBUG:colcon.colcon_notification.desktop_notification.notify2:Failed to initialize notify2: org.freedesktop.DBus.Error.NotSupported: Unable to autolaunch a dbus-daemon without a $DISPLAY for X11
[0.798s] DEBUG:colcon.colcon_core.event_reactor:joined thread
[0.798s] INFO:colcon.colcon_core.shell:Creating prefix script '/home/testing/dev_ws/src/install/local_setup.ps1'
[0.799s] INFO:colcon.colcon_core.shell:Creating prefix util module '/home/testing/dev_ws/src/install/_local_setup_util_ps1.py'
[0.801s] INFO:colcon.colcon_core.shell:Creating prefix chain script '/home/testing/dev_ws/src/install/setup.ps1'
[0.802s] INFO:colcon.colcon_core.shell:Creating prefix script '/home/testing/dev_ws/src/install/local_setup.sh'
[0.802s] INFO:colcon.colcon_core.shell:Creating prefix util module '/home/testing/dev_ws/src/install/_local_setup_util_sh.py'
[0.803s] INFO:colcon.colcon_core.shell:Creating prefix chain script '/home/testing/dev_ws/src/install/setup.sh'
[0.804s] INFO:colcon.colcon_core.shell:Creating prefix script '/home/testing/dev_ws/src/install/local_setup.bash'
[0.805s] INFO:colcon.colcon_core.shell:Creating prefix chain script '/home/testing/dev_ws/src/install/setup.bash'
[0.806s] INFO:colcon.colcon_core.shell:Creating prefix script '/home/testing/dev_ws/src/install/local_setup.zsh'
[0.807s] INFO:colcon.colcon_core.shell:Creating prefix chain script '/home/testing/dev_ws/src/install/setup.zsh'
