[0.073s] DEBUG:colcon:Command line arguments: ['/usr/bin/colcon', 'build']
[0.074s] DEBUG:colcon:Parsed command line arguments: Namespace(log_base=None, log_level=None, verb_name='build', build_base='build', install_base='install', merge_install=False, symlink_install=False, test_result_base=None, continue_on_error=False, executor='parallel', parallel_workers=8, event_handlers=None, ignore_user_meta=False, metas=['./colcon.meta'], base_paths=['.'], packages_ignore=None, packages_ignore_regex=None, paths=None, packages_up_to=None, packages_up_to_regex=None, packages_above=None, packages_above_and_dependencies=None, packages_above_depth=None, packages_select_by_dep=None, packages_skip_by_dep=None, packages_skip_up_to=None, packages_select_build_failed=False, packages_skip_build_finished=False, packages_select_test_failures=False, packages_skip_test_passed=False, packages_select=None, packages_skip=None, packages_select_regex=None, packages_skip_regex=None, packages_start=None, packages_end=None, cmake_args=None, cmake_target=None, cmake_target_skip_unavailable=False, cmake_clean_cache=False, cmake_clean_first=False, cmake_force_configure=False, ament_cmake_args=None, catkin_cmake_args=None, catkin_skip_building_tests=False, mixin_files=None, mixin=None, verb_parser=<colcon_mixin.mixin.mixin_argument.MixinArgumentDecorator object at 0xffff89fc56c0>, verb_extension=<colcon_core.verb.build.BuildVerb object at 0xffff89fc50f0>, main=<bound method BuildVerb.main of <colcon_core.verb.build.BuildVerb object at 0xffff89fc50f0>>, mixin_verb=('build',))
[0.141s] Level 1:colcon.colcon_core.package_discovery:discover_packages(colcon_meta) check parameters
[0.141s] INFO:colcon.colcon_metadata.package_discovery.colcon_meta:Using configuration from '/root/.colcon/metadata/default/Gazebo.meta'
[0.142s] INFO:colcon.colcon_metadata.package_discovery.colcon_meta:Using configuration from '/root/.colcon/metadata/default/fastrtps.meta'
[0.142s] Level 1:colcon.colcon_core.package_discovery:discover_packages(recursive) check parameters
[0.142s] Level 1:colcon.colcon_core.package_discovery:discover_packages(ignore) check parameters
[0.142s] Level 1:colcon.colcon_core.package_discovery:discover_packages(path) check parameters
[0.142s] Level 1:colcon.colcon_core.package_discovery:discover_packages(colcon_meta) discover
[0.142s] Level 1:colcon.colcon_core.package_discovery:discover_packages(recursive) discover
[0.142s] INFO:colcon.colcon_core.package_discovery:Crawling recursively for packages in '/home/testing/dev_ws/src'
[0.143s] Level 1:colcon.colcon_core.package_identification:_identify(.) by extensions ['ignore', 'ignore_ament_install']
[0.143s] Level 1:colcon.colcon_core.package_identification:_identify(.) by extension 'ignore'
[0.143s] Level 1:colcon.colcon_core.package_identification:_identify(.) by extension 'ignore_ament_install'
[0.143s] Level 1:colcon.colcon_core.package_identification:_identify(.) by extensions ['colcon_pkg']
[0.143s] Level 1:colcon.colcon_core.package_identification:_identify(.) by extension 'colcon_pkg'
[0.143s] Level 1:colcon.colcon_core.package_identification:_identify(.) by extensions ['colcon_meta']
[0.143s] Level 1:colcon.colcon_core.package_identification:_identify(.) by extension 'colcon_meta'
[0.143s] Level 1:colcon.colcon_core.package_identification:_identify(.) by extensions ['ros']
[0.144s] Level 1:colcon.colcon_core.package_identification:_identify(.) by extension 'ros'
[0.151s] Level 1:colcon.colcon_core.package_identification:_identify(.) by extensions ['cmake', 'python']
[0.151s] Level 1:colcon.colcon_core.package_identification:_identify(.) by extension 'cmake'
[0.152s] Level 1:colcon.colcon_core.package_identification:_identify(.) by extension 'python'
[0.152s] Level 1:colcon.colcon_core.package_identification:_identify(.) by extensions ['python_setup_py']
[0.152s] Level 1:colcon.colcon_core.package_identification:_identify(.) by extension 'python_setup_py'
[0.152s] Level 1:colcon.colcon_core.package_identification:_identify(build) by extensions ['ignore', 'ignore_ament_install']
[0.152s] Level 1:colcon.colcon_core.package_identification:_identify(build) by extension 'ignore'
[0.152s] Level 1:colcon.colcon_core.package_identification:_identify(build) ignored
[0.153s] Level 1:colcon.colcon_core.package_identification:_identify(docker_humble_holohover) by extensions ['ignore', 'ignore_ament_install']
[0.153s] Level 1:colcon.colcon_core.package_identification:_identify(docker_humble_holohover) by extension 'ignore'
[0.153s] Level 1:colcon.colcon_core.package_identification:_identify(docker_humble_holohover) by extension 'ignore_ament_install'
[0.153s] Level 1:colcon.colcon_core.package_identification:_identify(docker_humble_holohover) by extensions ['colcon_pkg']
[0.153s] Level 1:colcon.colcon_core.package_identification:_identify(docker_humble_holohover) by extension 'colcon_pkg'
[0.153s] Level 1:colcon.colcon_core.package_identification:_identify(docker_humble_holohover) by extensions ['colcon_meta']
[0.154s] Level 1:colcon.colcon_core.package_identification:_identify(docker_humble_holohover) by extension 'colcon_meta'
[0.154s] Level 1:colcon.colcon_core.package_identification:_identify(docker_humble_holohover) by extensions ['ros']
[0.154s] Level 1:colcon.colcon_core.package_identification:_identify(docker_humble_holohover) by extension 'ros'
[0.154s] Level 1:colcon.colcon_core.package_identification:_identify(docker_humble_holohover) by extensions ['cmake', 'python']
[0.154s] Level 1:colcon.colcon_core.package_identification:_identify(docker_humble_holohover) by extension 'cmake'
[0.154s] Level 1:colcon.colcon_core.package_identification:_identify(docker_humble_holohover) by extension 'python'
[0.154s] Level 1:colcon.colcon_core.package_identification:_identify(docker_humble_holohover) by extensions ['python_setup_py']
[0.154s] Level 1:colcon.colcon_core.package_identification:_identify(docker_humble_holohover) by extension 'python_setup_py'
[0.155s] Level 1:colcon.colcon_core.package_identification:_identify(install) by extensions ['ignore', 'ignore_ament_install']
[0.155s] Level 1:colcon.colcon_core.package_identification:_identify(install) by extension 'ignore'
[0.155s] Level 1:colcon.colcon_core.package_identification:_identify(install) ignored
[0.155s] Level 1:colcon.colcon_core.package_identification:_identify(latency_test_listener) by extensions ['ignore', 'ignore_ament_install']
[0.155s] Level 1:colcon.colcon_core.package_identification:_identify(latency_test_listener) by extension 'ignore'
[0.156s] Level 1:colcon.colcon_core.package_identification:_identify(latency_test_listener) by extension 'ignore_ament_install'
[0.156s] Level 1:colcon.colcon_core.package_identification:_identify(latency_test_listener) by extensions ['colcon_pkg']
[0.156s] Level 1:colcon.colcon_core.package_identification:_identify(latency_test_listener) by extension 'colcon_pkg'
[0.156s] Level 1:colcon.colcon_core.package_identification:_identify(latency_test_listener) by extensions ['colcon_meta']
[0.156s] Level 1:colcon.colcon_core.package_identification:_identify(latency_test_listener) by extension 'colcon_meta'
[0.156s] Level 1:colcon.colcon_core.package_identification:_identify(latency_test_listener) by extensions ['ros']
[0.156s] Level 1:colcon.colcon_core.package_identification:_identify(latency_test_listener) by extension 'ros'
[0.158s] DEBUG:colcon.colcon_core.package_identification:Package 'latency_test_listener' with type 'ros.ament_cmake' and name 'latency_test_listener'
[0.158s] Level 1:colcon.colcon_core.package_identification:_identify(latency_test_talker) by extensions ['ignore', 'ignore_ament_install']
[0.159s] Level 1:colcon.colcon_core.package_identification:_identify(latency_test_talker) by extension 'ignore'
[0.159s] Level 1:colcon.colcon_core.package_identification:_identify(latency_test_talker) by extension 'ignore_ament_install'
[0.159s] Level 1:colcon.colcon_core.package_identification:_identify(latency_test_talker) by extensions ['colcon_pkg']
[0.159s] Level 1:colcon.colcon_core.package_identification:_identify(latency_test_talker) by extension 'colcon_pkg'
[0.159s] Level 1:colcon.colcon_core.package_identification:_identify(latency_test_talker) by extensions ['colcon_meta']
[0.159s] Level 1:colcon.colcon_core.package_identification:_identify(latency_test_talker) by extension 'colcon_meta'
[0.159s] Level 1:colcon.colcon_core.package_identification:_identify(latency_test_talker) by extensions ['ros']
[0.159s] Level 1:colcon.colcon_core.package_identification:_identify(latency_test_talker) by extension 'ros'
[0.160s] DEBUG:colcon.colcon_core.package_identification:Package 'latency_test_talker' with type 'ros.ament_cmake' and name 'latency_test_talker'
[0.161s] Level 1:colcon.colcon_core.package_identification:_identify(log) by extensions ['ignore', 'ignore_ament_install']
[0.161s] Level 1:colcon.colcon_core.package_identification:_identify(log) by extension 'ignore'
[0.161s] Level 1:colcon.colcon_core.package_identification:_identify(log) ignored
[0.161s] Level 1:colcon.colcon_core.package_discovery:discover_packages(recursive) using defaults
[0.161s] Level 1:colcon.colcon_core.package_discovery:discover_packages(ignore) discover
[0.161s] Level 1:colcon.colcon_core.package_discovery:discover_packages(ignore) using defaults
[0.161s] Level 1:colcon.colcon_core.package_discovery:discover_packages(path) discover
[0.161s] Level 1:colcon.colcon_core.package_discovery:discover_packages(path) using defaults
[0.175s] Level 5:colcon.colcon_core.verb:set package 'latency_test_listener' build argument 'cmake_args' from command line to 'None'
[0.175s] Level 5:colcon.colcon_core.verb:set package 'latency_test_listener' build argument 'cmake_target' from command line to 'None'
[0.175s] Level 5:colcon.colcon_core.verb:set package 'latency_test_listener' build argument 'cmake_target_skip_unavailable' from command line to 'False'
[0.176s] Level 5:colcon.colcon_core.verb:set package 'latency_test_listener' build argument 'cmake_clean_cache' from command line to 'False'
[0.176s] Level 5:colcon.colcon_core.verb:set package 'latency_test_listener' build argument 'cmake_clean_first' from command line to 'False'
[0.176s] Level 5:colcon.colcon_core.verb:set package 'latency_test_listener' build argument 'cmake_force_configure' from command line to 'False'
[0.176s] Level 5:colcon.colcon_core.verb:set package 'latency_test_listener' build argument 'ament_cmake_args' from command line to 'None'
[0.176s] Level 5:colcon.colcon_core.verb:set package 'latency_test_listener' build argument 'catkin_cmake_args' from command line to 'None'
[0.176s] Level 5:colcon.colcon_core.verb:set package 'latency_test_listener' build argument 'catkin_skip_building_tests' from command line to 'False'
[0.176s] DEBUG:colcon.colcon_core.verb:Building package 'latency_test_listener' with the following arguments: {'ament_cmake_args': None, 'build_base': '/home/testing/dev_ws/src/build/latency_test_listener', 'catkin_cmake_args': None, 'catkin_skip_building_tests': False, 'cmake_args': None, 'cmake_clean_cache': False, 'cmake_clean_first': False, 'cmake_force_configure': False, 'cmake_target': None, 'cmake_target_skip_unavailable': False, 'install_base': '/home/testing/dev_ws/src/install/latency_test_listener', 'merge_install': False, 'path': '/home/testing/dev_ws/src/latency_test_listener', 'symlink_install': False, 'test_result_base': None}
[0.176s] Level 5:colcon.colcon_core.verb:set package 'latency_test_talker' build argument 'cmake_args' from command line to 'None'
[0.176s] Level 5:colcon.colcon_core.verb:set package 'latency_test_talker' build argument 'cmake_target' from command line to 'None'
[0.176s] Level 5:colcon.colcon_core.verb:set package 'latency_test_talker' build argument 'cmake_target_skip_unavailable' from command line to 'False'
[0.176s] Level 5:colcon.colcon_core.verb:set package 'latency_test_talker' build argument 'cmake_clean_cache' from command line to 'False'
[0.176s] Level 5:colcon.colcon_core.verb:set package 'latency_test_talker' build argument 'cmake_clean_first' from command line to 'False'
[0.176s] Level 5:colcon.colcon_core.verb:set package 'latency_test_talker' build argument 'cmake_force_configure' from command line to 'False'
[0.177s] Level 5:colcon.colcon_core.verb:set package 'latency_test_talker' build argument 'ament_cmake_args' from command line to 'None'
[0.177s] Level 5:colcon.colcon_core.verb:set package 'latency_test_talker' build argument 'catkin_cmake_args' from command line to 'None'
[0.177s] Level 5:colcon.colcon_core.verb:set package 'latency_test_talker' build argument 'catkin_skip_building_tests' from command line to 'False'
[0.177s] DEBUG:colcon.colcon_core.verb:Building package 'latency_test_talker' with the following arguments: {'ament_cmake_args': None, 'build_base': '/home/testing/dev_ws/src/build/latency_test_talker', 'catkin_cmake_args': None, 'catkin_skip_building_tests': False, 'cmake_args': None, 'cmake_clean_cache': False, 'cmake_clean_first': False, 'cmake_force_configure': False, 'cmake_target': None, 'cmake_target_skip_unavailable': False, 'install_base': '/home/testing/dev_ws/src/install/latency_test_talker', 'merge_install': False, 'path': '/home/testing/dev_ws/src/latency_test_talker', 'symlink_install': False, 'test_result_base': None}
[0.177s] INFO:colcon.colcon_core.executor:Executing jobs using 'parallel' executor
[0.178s] DEBUG:colcon.colcon_parallel_executor.executor.parallel:run_until_complete
[0.178s] INFO:colcon.colcon_ros.task.ament_cmake.build:Building ROS package in '/home/testing/dev_ws/src/latency_test_listener' with build type 'ament_cmake'
[0.178s] INFO:colcon.colcon_cmake.task.cmake.build:Building CMake package in '/home/testing/dev_ws/src/latency_test_listener'
[0.179s] INFO:colcon.colcon_core.plugin_system:Skipping extension 'colcon_core.shell.bat': Not used on non-Windows systems
[0.179s] INFO:colcon.colcon_core.shell:Skip shell extension 'powershell' for command environment: Not usable outside of PowerShell
[0.179s] DEBUG:colcon.colcon_core.shell:Skip shell extension 'dsv' for command environment
[0.181s] WARNING:colcon.colcon_ros.prefix_path.ament:The path '/home/testing/dev_ws/install/latency_test' in the environment variable AMENT_PREFIX_PATH doesn't exist
[0.181s] WARNING:colcon.colcon_ros.prefix_path.catkin:The path '/home/testing/dev_ws/install/latency_test' in the environment variable CMAKE_PREFIX_PATH doesn't exist
[0.185s] INFO:colcon.colcon_ros.task.ament_cmake.build:Building ROS package in '/home/testing/dev_ws/src/latency_test_talker' with build type 'ament_cmake'
[0.185s] INFO:colcon.colcon_cmake.task.cmake.build:Building CMake package in '/home/testing/dev_ws/src/latency_test_talker'
[0.185s] INFO:colcon.colcon_core.shell:Skip shell extension 'powershell' for command environment: Not usable outside of PowerShell
[0.186s] DEBUG:colcon.colcon_core.shell:Skip shell extension 'dsv' for command environment
[0.195s] DEBUG:colcon.colcon_core.event_handler.log_command:Invoking command in '/home/testing/dev_ws/src/build/latency_test_listener': CMAKE_PREFIX_PATH=${CMAKE_PREFIX_PATH}:/opt/ros/humble /usr/bin/cmake --build /home/testing/dev_ws/src/build/latency_test_listener -- -j8 -l8
[0.200s] DEBUG:colcon.colcon_core.event_handler.log_command:Invoking command in '/home/testing/dev_ws/src/build/latency_test_talker': CMAKE_PREFIX_PATH=${CMAKE_PREFIX_PATH}:/opt/ros/humble /usr/bin/cmake --build /home/testing/dev_ws/src/build/latency_test_talker -- -j8 -l8
[0.242s] DEBUG:colcon.colcon_core.event_handler.log_command:Invoked command in '/home/testing/dev_ws/src/build/latency_test_listener' returned '0': CMAKE_PREFIX_PATH=${CMAKE_PREFIX_PATH}:/opt/ros/humble /usr/bin/cmake --build /home/testing/dev_ws/src/build/latency_test_listener -- -j8 -l8
[0.250s] DEBUG:colcon.colcon_core.event_handler.log_command:Invoking command in '/home/testing/dev_ws/src/build/latency_test_listener': CMAKE_PREFIX_PATH=${CMAKE_PREFIX_PATH}:/opt/ros/humble /usr/bin/cmake --install /home/testing/dev_ws/src/build/latency_test_listener
[0.251s] DEBUG:colcon.colcon_core.event_handler.log_command:Invoked command in '/home/testing/dev_ws/src/build/latency_test_talker' returned '0': CMAKE_PREFIX_PATH=${CMAKE_PREFIX_PATH}:/opt/ros/humble /usr/bin/cmake --build /home/testing/dev_ws/src/build/latency_test_talker -- -j8 -l8
[0.253s] DEBUG:colcon.colcon_core.event_handler.log_command:Invoking command in '/home/testing/dev_ws/src/build/latency_test_talker': CMAKE_PREFIX_PATH=${CMAKE_PREFIX_PATH}:/opt/ros/humble /usr/bin/cmake --install /home/testing/dev_ws/src/build/latency_test_talker
[0.263s] Level 1:colcon.colcon_core.environment:create_environment_scripts_only(latency_test_listener)
[0.266s] Level 1:colcon.colcon_core.environment:checking '/home/testing/dev_ws/src/install/latency_test_listener' for CMake module files
[0.271s] Level 1:colcon.colcon_core.environment:checking '/home/testing/dev_ws/src/install/latency_test_listener' for CMake config files
[0.271s] DEBUG:colcon.colcon_core.event_handler.log_command:Invoked command in '/home/testing/dev_ws/src/build/latency_test_listener' returned '0': CMAKE_PREFIX_PATH=${CMAKE_PREFIX_PATH}:/opt/ros/humble /usr/bin/cmake --install /home/testing/dev_ws/src/build/latency_test_listener
[0.273s] Level 1:colcon.colcon_core.shell:create_environment_hook('latency_test_listener', 'cmake_prefix_path')
[0.273s] INFO:colcon.colcon_core.shell:Creating environment hook '/home/testing/dev_ws/src/install/latency_test_listener/share/latency_test_listener/hook/cmake_prefix_path.ps1'
[0.274s] INFO:colcon.colcon_core.shell:Creating environment descriptor '/home/testing/dev_ws/src/install/latency_test_listener/share/latency_test_listener/hook/cmake_prefix_path.dsv'
[0.275s] INFO:colcon.colcon_core.shell:Creating environment hook '/home/testing/dev_ws/src/install/latency_test_listener/share/latency_test_listener/hook/cmake_prefix_path.sh'
[0.276s] Level 1:colcon.colcon_core.environment:checking '/home/testing/dev_ws/src/install/latency_test_listener/lib'
[0.276s] Level 1:colcon.colcon_core.environment:checking '/home/testing/dev_ws/src/install/latency_test_listener/bin'
[0.276s] Level 1:colcon.colcon_core.environment:checking '/home/testing/dev_ws/src/install/latency_test_listener/lib/pkgconfig/latency_test_listener.pc'
[0.277s] Level 1:colcon.colcon_core.environment:checking '/home/testing/dev_ws/src/install/latency_test_listener/lib/python3.10/site-packages'
[0.278s] Level 1:colcon.colcon_core.environment:checking '/home/testing/dev_ws/src/install/latency_test_listener/bin'
[0.278s] INFO:colcon.colcon_core.shell:Creating package script '/home/testing/dev_ws/src/install/latency_test_listener/share/latency_test_listener/package.ps1'
[0.279s] INFO:colcon.colcon_core.shell:Creating package descriptor '/home/testing/dev_ws/src/install/latency_test_listener/share/latency_test_listener/package.dsv'
[0.280s] INFO:colcon.colcon_core.shell:Creating package script '/home/testing/dev_ws/src/install/latency_test_listener/share/latency_test_listener/package.sh'
[0.281s] INFO:colcon.colcon_core.shell:Creating package script '/home/testing/dev_ws/src/install/latency_test_listener/share/latency_test_listener/package.bash'
[0.281s] INFO:colcon.colcon_core.shell:Creating package script '/home/testing/dev_ws/src/install/latency_test_listener/share/latency_test_listener/package.zsh'
[0.282s] Level 1:colcon.colcon_core.environment:create_file_with_runtime_dependencies(/home/testing/dev_ws/src/install/latency_test_listener/share/colcon-core/packages/latency_test_listener)
[0.283s] Level 1:colcon.colcon_core.environment:create_environment_scripts_only(latency_test_listener)
[0.283s] Level 1:colcon.colcon_core.environment:checking '/home/testing/dev_ws/src/install/latency_test_listener' for CMake module files
[0.284s] Level 1:colcon.colcon_core.environment:checking '/home/testing/dev_ws/src/install/latency_test_listener' for CMake config files
[0.286s] Level 1:colcon.colcon_core.shell:create_environment_hook('latency_test_listener', 'cmake_prefix_path')
[0.286s] INFO:colcon.colcon_core.shell:Creating environment hook '/home/testing/dev_ws/src/install/latency_test_listener/share/latency_test_listener/hook/cmake_prefix_path.ps1'
[0.287s] INFO:colcon.colcon_core.shell:Creating environment descriptor '/home/testing/dev_ws/src/install/latency_test_listener/share/latency_test_listener/hook/cmake_prefix_path.dsv'
[0.287s] INFO:colcon.colcon_core.shell:Creating environment hook '/home/testing/dev_ws/src/install/latency_test_listener/share/latency_test_listener/hook/cmake_prefix_path.sh'
[0.288s] Level 1:colcon.colcon_core.environment:checking '/home/testing/dev_ws/src/install/latency_test_listener/lib'
[0.288s] Level 1:colcon.colcon_core.environment:checking '/home/testing/dev_ws/src/install/latency_test_listener/bin'
[0.288s] Level 1:colcon.colcon_core.environment:checking '/home/testing/dev_ws/src/install/latency_test_listener/lib/pkgconfig/latency_test_listener.pc'
[0.289s] Level 1:colcon.colcon_core.environment:checking '/home/testing/dev_ws/src/install/latency_test_listener/lib/python3.10/site-packages'
[0.289s] Level 1:colcon.colcon_core.environment:checking '/home/testing/dev_ws/src/install/latency_test_listener/bin'
[0.289s] INFO:colcon.colcon_core.shell:Creating package script '/home/testing/dev_ws/src/install/latency_test_listener/share/latency_test_listener/package.ps1'
[0.290s] INFO:colcon.colcon_core.shell:Creating package descriptor '/home/testing/dev_ws/src/install/latency_test_listener/share/latency_test_listener/package.dsv'
[0.291s] INFO:colcon.colcon_core.shell:Creating package script '/home/testing/dev_ws/src/install/latency_test_listener/share/latency_test_listener/package.sh'
[0.291s] INFO:colcon.colcon_core.shell:Creating package script '/home/testing/dev_ws/src/install/latency_test_listener/share/latency_test_listener/package.bash'
[0.292s] INFO:colcon.colcon_core.shell:Creating package script '/home/testing/dev_ws/src/install/latency_test_listener/share/latency_test_listener/package.zsh'
[0.292s] Level 1:colcon.colcon_core.environment:create_file_with_runtime_dependencies(/home/testing/dev_ws/src/install/latency_test_listener/share/colcon-core/packages/latency_test_listener)
[0.293s] Level 1:colcon.colcon_core.environment:create_environment_scripts_only(latency_test_talker)
[0.294s] Level 1:colcon.colcon_core.environment:checking '/home/testing/dev_ws/src/install/latency_test_talker' for CMake module files
[0.294s] DEBUG:colcon.colcon_core.event_handler.log_command:Invoked command in '/home/testing/dev_ws/src/build/latency_test_talker' returned '0': CMAKE_PREFIX_PATH=${CMAKE_PREFIX_PATH}:/opt/ros/humble /usr/bin/cmake --install /home/testing/dev_ws/src/build/latency_test_talker
[0.296s] Level 1:colcon.colcon_core.environment:checking '/home/testing/dev_ws/src/install/latency_test_talker' for CMake config files
[0.297s] Level 1:colcon.colcon_core.shell:create_environment_hook('latency_test_talker', 'cmake_prefix_path')
[0.298s] INFO:colcon.colcon_core.shell:Creating environment hook '/home/testing/dev_ws/src/install/latency_test_talker/share/latency_test_talker/hook/cmake_prefix_path.ps1'
[0.298s] INFO:colcon.colcon_core.shell:Creating environment descriptor '/home/testing/dev_ws/src/install/latency_test_talker/share/latency_test_talker/hook/cmake_prefix_path.dsv'
[0.298s] INFO:colcon.colcon_core.shell:Creating environment hook '/home/testing/dev_ws/src/install/latency_test_talker/share/latency_test_talker/hook/cmake_prefix_path.sh'
[0.299s] Level 1:colcon.colcon_core.environment:checking '/home/testing/dev_ws/src/install/latency_test_talker/lib'
[0.299s] Level 1:colcon.colcon_core.environment:checking '/home/testing/dev_ws/src/install/latency_test_talker/bin'
[0.299s] Level 1:colcon.colcon_core.environment:checking '/home/testing/dev_ws/src/install/latency_test_talker/lib/pkgconfig/latency_test_talker.pc'
[0.300s] Level 1:colcon.colcon_core.environment:checking '/home/testing/dev_ws/src/install/latency_test_talker/lib/python3.10/site-packages'
[0.300s] Level 1:colcon.colcon_core.environment:checking '/home/testing/dev_ws/src/install/latency_test_talker/bin'
[0.300s] INFO:colcon.colcon_core.shell:Creating package script '/home/testing/dev_ws/src/install/latency_test_talker/share/latency_test_talker/package.ps1'
[0.301s] INFO:colcon.colcon_core.shell:Creating package descriptor '/home/testing/dev_ws/src/install/latency_test_talker/share/latency_test_talker/package.dsv'
[0.301s] INFO:colcon.colcon_core.shell:Creating package script '/home/testing/dev_ws/src/install/latency_test_talker/share/latency_test_talker/package.sh'
[0.301s] INFO:colcon.colcon_core.shell:Creating package script '/home/testing/dev_ws/src/install/latency_test_talker/share/latency_test_talker/package.bash'
[0.302s] INFO:colcon.colcon_core.shell:Creating package script '/home/testing/dev_ws/src/install/latency_test_talker/share/latency_test_talker/package.zsh'
[0.302s] Level 1:colcon.colcon_core.environment:create_file_with_runtime_dependencies(/home/testing/dev_ws/src/install/latency_test_talker/share/colcon-core/packages/latency_test_talker)
[0.303s] Level 1:colcon.colcon_core.environment:create_environment_scripts_only(latency_test_talker)
[0.304s] Level 1:colcon.colcon_core.environment:checking '/home/testing/dev_ws/src/install/latency_test_talker' for CMake module files
[0.305s] Level 1:colcon.colcon_core.environment:checking '/home/testing/dev_ws/src/install/latency_test_talker' for CMake config files
[0.306s] Level 1:colcon.colcon_core.shell:create_environment_hook('latency_test_talker', 'cmake_prefix_path')
[0.306s] INFO:colcon.colcon_core.shell:Creating environment hook '/home/testing/dev_ws/src/install/latency_test_talker/share/latency_test_talker/hook/cmake_prefix_path.ps1'
[0.307s] INFO:colcon.colcon_core.shell:Creating environment descriptor '/home/testing/dev_ws/src/install/latency_test_talker/share/latency_test_talker/hook/cmake_prefix_path.dsv'
[0.307s] INFO:colcon.colcon_core.shell:Creating environment hook '/home/testing/dev_ws/src/install/latency_test_talker/share/latency_test_talker/hook/cmake_prefix_path.sh'
[0.308s] Level 1:colcon.colcon_core.environment:checking '/home/testing/dev_ws/src/install/latency_test_talker/lib'
[0.308s] Level 1:colcon.colcon_core.environment:checking '/home/testing/dev_ws/src/install/latency_test_talker/bin'
[0.308s] Level 1:colcon.colcon_core.environment:checking '/home/testing/dev_ws/src/install/latency_test_talker/lib/pkgconfig/latency_test_talker.pc'
[0.308s] Level 1:colcon.colcon_core.environment:checking '/home/testing/dev_ws/src/install/latency_test_talker/lib/python3.10/site-packages'
[0.309s] Level 1:colcon.colcon_core.environment:checking '/home/testing/dev_ws/src/install/latency_test_talker/bin'
[0.309s] INFO:colcon.colcon_core.shell:Creating package script '/home/testing/dev_ws/src/install/latency_test_talker/share/latency_test_talker/package.ps1'
[0.310s] INFO:colcon.colcon_core.shell:Creating package descriptor '/home/testing/dev_ws/src/install/latency_test_talker/share/latency_test_talker/package.dsv'
[0.310s] INFO:colcon.colcon_core.shell:Creating package script '/home/testing/dev_ws/src/install/latency_test_talker/share/latency_test_talker/package.sh'
[0.311s] INFO:colcon.colcon_core.shell:Creating package script '/home/testing/dev_ws/src/install/latency_test_talker/share/latency_test_talker/package.bash'
[0.311s] INFO:colcon.colcon_core.shell:Creating package script '/home/testing/dev_ws/src/install/latency_test_talker/share/latency_test_talker/package.zsh'
[0.312s] Level 1:colcon.colcon_core.environment:create_file_with_runtime_dependencies(/home/testing/dev_ws/src/install/latency_test_talker/share/colcon-core/packages/latency_test_talker)
[0.312s] DEBUG:colcon.colcon_parallel_executor.executor.parallel:closing loop
[0.312s] DEBUG:colcon.colcon_parallel_executor.executor.parallel:loop closed
[0.313s] DEBUG:colcon.colcon_parallel_executor.executor.parallel:run_until_complete finished with '0'
[0.313s] DEBUG:colcon.colcon_core.event_reactor:joining thread
[0.317s] INFO:colcon.colcon_core.plugin_system:Skipping extension 'colcon_notification.desktop_notification.notify_send': Could not find 'notify-send'
[0.317s] INFO:colcon.colcon_core.plugin_system:Skipping extension 'colcon_notification.desktop_notification.terminal_notifier': Not used on non-Darwin systems
[0.317s] INFO:colcon.colcon_core.plugin_system:Skipping extension 'colcon_notification.desktop_notification.win32': Not used on non-Windows systems
[0.317s] INFO:colcon.colcon_notification.desktop_notification:Sending desktop notification using 'notify2'
[0.317s] DEBUG:colcon.colcon_notification.desktop_notification.notify2:Failed to initialize notify2: org.freedesktop.DBus.Error.NotSupported: Unable to autolaunch a dbus-daemon without a $DISPLAY for X11
[0.317s] DEBUG:colcon.colcon_core.event_reactor:joined thread
[0.317s] INFO:colcon.colcon_core.shell:Creating prefix script '/home/testing/dev_ws/src/install/local_setup.ps1'
[0.318s] INFO:colcon.colcon_core.shell:Creating prefix util module '/home/testing/dev_ws/src/install/_local_setup_util_ps1.py'
[0.320s] INFO:colcon.colcon_core.shell:Creating prefix chain script '/home/testing/dev_ws/src/install/setup.ps1'
[0.321s] INFO:colcon.colcon_core.shell:Creating prefix script '/home/testing/dev_ws/src/install/local_setup.sh'
[0.322s] INFO:colcon.colcon_core.shell:Creating prefix util module '/home/testing/dev_ws/src/install/_local_setup_util_sh.py'
[0.322s] INFO:colcon.colcon_core.shell:Creating prefix chain script '/home/testing/dev_ws/src/install/setup.sh'
[0.324s] INFO:colcon.colcon_core.shell:Creating prefix script '/home/testing/dev_ws/src/install/local_setup.bash'
[0.325s] INFO:colcon.colcon_core.shell:Creating prefix chain script '/home/testing/dev_ws/src/install/setup.bash'
[0.326s] INFO:colcon.colcon_core.shell:Creating prefix script '/home/testing/dev_ws/src/install/local_setup.zsh'
[0.327s] INFO:colcon.colcon_core.shell:Creating prefix chain script '/home/testing/dev_ws/src/install/setup.zsh'
